<?xml version="1.0" encoding="UTF-8"?>
<!-- Generated by org.testng.reporters.JUnitReportReporter -->
<testsuite hostname="DESKTOP-L33J1GP" failures="0" tests="1" name="com.inetbanking.testCases.TC_AddCustomerTest_003" time="23.355" errors="0" timestamp="28 Nov 2020 18:28:40 GMT" skipped="0">
  <testcase classname="com.inetbanking.testCases.TC_AddCustomerTest_003" name="addNewCustomer" time="23.355"/>
</testsuite> <!-- com.inetbanking.testCases.TC_AddCustomerTest_003 -->
